<?xml version="1.0" encoding="UTF-8"?>
<testng-results skipped="0" failed="0" ignored="0" total="1" passed="1">
  <reporter-output>
  </reporter-output>
  <suite name="Default suite" duration-ms="16890" started-at="2018-08-27T01:51:45Z" finished-at="2018-08-27T01:52:01Z">
    <groups>
    </groups>
    <test name="Default test" duration-ms="16890" started-at="2018-08-27T01:51:45Z" finished-at="2018-08-27T01:52:01Z">
      <class name="loginfunction.LoginFunction">
        <test-method status="PASS" signature="Expedia_login()[pri:0, instance:loginfunction.LoginFunction@523884b2]" name="Expedia_login" duration-ms="15697" started-at="2018-08-27T01:51:45Z" finished-at="2018-08-27T01:52:00Z">
          <reporter-output>
          </reporter-output>
        </test-method> <!-- Expedia_login -->
        <test-method status="PASS" signature="afterTest()[pri:0, instance:loginfunction.LoginFunction@523884b2]" name="afterTest" is-config="true" duration-ms="1159" started-at="2018-08-27T01:52:00Z" finished-at="2018-08-27T01:52:01Z">
          <reporter-output>
          </reporter-output>
        </test-method> <!-- afterTest -->
      </class> <!-- loginfunction.LoginFunction -->
    </test> <!-- Default test -->
  </suite> <!-- Default suite -->
</testng-results>
